[90m2024-08-19T05:50:52.289Z[39m [32mDEBUG[39m [97m@wdio/browserstack-service[39m Sending SDK event with data {
  userName: 'james_oS1TxB',
  accessKey: 'PMdqGFKpMFX7g2rnPBRs',
  event_type: 'SDKTestAttempted',
  detectedFramework: 'WebdriverIO-mocha',
  event_properties: {
    language_framework: 'WebdriverIO_mocha',
    referrer: 'WebdriverIO-mocha/9.0.2',
    language: 'WebdriverIO',
    languageVersion: 'v20.16.0',
    buildName: 'undefined',
    buildIdentifier: 'undefined',
    os: 'Darwin',
    hostname: 'Mamuns-MacBook-Pro.local',
    productMap: {
      observability: true,
      accessibility: false,
      percy: false,
      automate: true,
      app_automate: false
    },
    product: [ 'observability', 'automate' ]
  }
}
[90m2024-08-19T05:50:52.566Z[39m [32mDEBUG[39m [97m@wdio/browserstack-service[39m Funnel Event Response: "{\"message\":\"SDK Event recorded successfully\"}"
[90m2024-08-19T05:50:52.566Z[39m [32mDEBUG[39m [97m@wdio/browserstack-service[39m Funnel event success
[90m2024-08-19T05:50:52.567Z[39m [32mDEBUG[39m [97m@wdio/browserstack-service[39m app is not defined in browserstack-service config, skipping ...
[90m2024-08-19T05:50:52.567Z[39m [32mDEBUG[39m [97m@wdio/browserstack-service[39m Sending launch start event
[90m2024-08-19T05:50:53.070Z[39m [32mDEBUG[39m [97m@wdio/browserstack-service[39m [Start_Build] Success response: {"build_hashed_id":"yodyjdg2vt5eyfd1cho2g1qs59zkasip4rddnfbu","jwt":"eyJhbGciOiJIUzI1NiJ9.eyJpc3MiOiJicm93c2Vyc3RhY2tfb2IiLCJzdWIiOiI4ODUxNjg2IiwiZ3JvdXBfaWQiOjg3NjUzMzEsInVzZXJfaWQiOjg4NTE2ODYsImJ1aWxkX2hhc2hlZF9pZCI6InlvZHlqZGcydnQ1ZXlmZDFjaG8yZzFxczU5emthc2lwNHJkZG5mYnUiLCJob29rX2FzX3Rlc3QiOiIxIiwiYnVpbGRfbmFtZSI6ImF1dG9tYXRpb25Vbmljb3JuIiwicHJvZHVjdF9tYXAiOiJ7XCJvYnNlcnZhYmlsaXR5XCI6dHJ1ZX0iLCJncnJfcmVnaW9uIjoiIiwic2lnbmluZ19rZXlfaGFzaCI6IjdkZjZlNjgzYzY3MDkxYjZiY2FiNDk1ZTNmN2YyYWExNjljNzVmMzFmYmFmYTUwZjQ3MDI0YzgxYjllNzA1M2QiLCJpYXQiOjE3MjQwNDY2NTIsImV4cCI6MTcyNDM5MjI1Mn0.Yb5L5qm6AYIZUkbO4R24r2s689lNXZQHF8ZrN7bD26Y","allow_screenshots":true}
[90m2024-08-19T05:50:53.070Z[39m [96mINFO[39m [97m@wdio/browserstack-service[39m browserstackLocal is not enabled - skipping...
[90m2024-08-19T05:50:58.780Z[39m [32mDEBUG[39m [97m@wdio/browserstack-service[39m Requesting Browserstack session URL at https://api.browserstack.com/automate/sessions/61f50db97908d20ed8df245bd0699a5a7224dc4b.json
[90m2024-08-19T05:50:58.989Z[39m [96mINFO[39m [97m@wdio/browserstack-service[39m chrome 127.0.6533.73 session: https://automate.browserstack.com/builds/d4a4367aaca02df147fe87113e2178d4c67211ff/sessions/61f50db97908d20ed8df245bd0699a5a7224dc4b
[90m2024-08-19T05:50:58.995Z[39m [96mINFO[39m [97m@wdio/browserstack-service[39m Update job with sessionId 61f50db97908d20ed8df245bd0699a5a7224dc4b
[90m2024-08-19T05:50:58.995Z[39m [32mDEBUG[39m [97m@wdio/browserstack-service[39m Updating Browserstack session at https://api.browserstack.com/automate/sessions/61f50db97908d20ed8df245bd0699a5a7224dc4b.json with request body: 
[90m2024-08-19T05:50:59.167Z[39m [32mDEBUG[39m [97m@wdio/browserstack-service[39m Added data to request queue. Queue length = 1
[90m2024-08-19T05:50:59.841Z[39m [32mDEBUG[39m [97m@wdio/browserstack-service[39m Added data to request queue. Queue length = 2
[90m2024-08-19T05:50:59.842Z[39m [32mDEBUG[39m [97m@wdio/browserstack-service[39m Added data to request queue. Queue length = 3
[90m2024-08-19T05:50:59.846Z[39m [96mINFO[39m [97m@wdio/browserstack-service[39m Update job with sessionId 61f50db97908d20ed8df245bd0699a5a7224dc4b
[90m2024-08-19T05:50:59.846Z[39m [32mDEBUG[39m [97m@wdio/browserstack-service[39m Updating Browserstack session at https://api.browserstack.com/automate/sessions/61f50db97908d20ed8df245bd0699a5a7224dc4b.json with request body: 
[90m2024-08-19T05:51:00.030Z[39m [32mDEBUG[39m [97m@wdio/browserstack-service[39m Added data to request queue. Queue length = 4
[90m2024-08-19T05:51:00.748Z[39m [32mDEBUG[39m [97m@wdio/browserstack-service[39m Added data to request queue. Queue length = 5
[90m2024-08-19T05:51:00.751Z[39m [32mDEBUG[39m [97m@wdio/browserstack-service[39m Added data to request queue. Queue length = 6
[90m2024-08-19T05:51:00.751Z[39m [32mDEBUG[39m [97m@wdio/browserstack-service[39m Accessibility after test hook. Before sending test stop event
[90m2024-08-19T05:51:00.755Z[39m [96mINFO[39m [97m@wdio/browserstack-service[39m Update job with sessionId 61f50db97908d20ed8df245bd0699a5a7224dc4b
[90m2024-08-19T05:51:00.755Z[39m [32mDEBUG[39m [97m@wdio/browserstack-service[39m Updating Browserstack session at https://api.browserstack.com/automate/sessions/61f50db97908d20ed8df245bd0699a5a7224dc4b.json with request body: 
[90m2024-08-19T05:51:00.932Z[39m [32mDEBUG[39m [97m@wdio/browserstack-service[39m Added data to request queue. Queue length = 7
[90m2024-08-19T05:51:01.038Z[39m [32mDEBUG[39m [97m@wdio/browserstack-service[39m Added data to request queue. Queue length = 8
[90m2024-08-19T05:51:01.144Z[39m [32mDEBUG[39m [97m@wdio/browserstack-service[39m Added data to request queue. Queue length = 9
[90m2024-08-19T05:51:01.168Z[39m [32mDEBUG[39m [97m@wdio/browserstack-service[39m Sending data from request queue. Data length = 9, Queue length after removal = 0
[90m2024-08-19T05:51:01.168Z[39m [32mDEBUG[39m [97m@wdio/browserstack-service[39m calling callback with kind INTERVAL_QUEUE
[90m2024-08-19T05:51:01.168Z[39m [32mDEBUG[39m [97m@wdio/browserstack-service[39m callback: called with events 9
[90m2024-08-19T05:51:01.209Z[39m [32mDEBUG[39m [97m@wdio/browserstack-service[39m Added data to request queue. Queue length = 1
[90m2024-08-19T05:51:01.268Z[39m [32mDEBUG[39m [97m@wdio/browserstack-service[39m Added data to request queue. Queue length = 2
[90m2024-08-19T05:51:01.335Z[39m [32mDEBUG[39m [97m@wdio/browserstack-service[39m Added data to request queue. Queue length = 3
[90m2024-08-19T05:51:01.373Z[39m [32mDEBUG[39m [97m@wdio/browserstack-service[39m [BATCH_DATA] Success response: {"success":true}
[90m2024-08-19T05:51:01.373Z[39m [32mDEBUG[39m [97m@wdio/browserstack-service[39m callback: marking events success 9
[90m2024-08-19T05:51:01.438Z[39m [32mDEBUG[39m [97m@wdio/browserstack-service[39m Added data to request queue. Queue length = 4
[90m2024-08-19T05:51:01.439Z[39m [32mDEBUG[39m [97m@wdio/browserstack-service[39m Added data to request queue. Queue length = 5
[90m2024-08-19T05:51:01.439Z[39m [32mDEBUG[39m [97m@wdio/browserstack-service[39m Accessibility after test hook. Before sending test stop event
[90m2024-08-19T05:51:01.442Z[39m [96mINFO[39m [97m@wdio/browserstack-service[39m Update job with sessionId 61f50db97908d20ed8df245bd0699a5a7224dc4b
[90m2024-08-19T05:51:01.442Z[39m [32mDEBUG[39m [97m@wdio/browserstack-service[39m Updating Browserstack session at https://api.browserstack.com/automate/sessions/61f50db97908d20ed8df245bd0699a5a7224dc4b.json with request body: 
[90m2024-08-19T05:51:01.650Z[39m [32mDEBUG[39m [97m@wdio/browserstack-service[39m teardown started
[90m2024-08-19T05:51:01.650Z[39m [32mDEBUG[39m [97m@wdio/browserstack-service[39m shutdown started
[90m2024-08-19T05:51:01.650Z[39m [32mDEBUG[39m [97m@wdio/browserstack-service[39m Shutting down request queue
[90m2024-08-19T05:51:01.650Z[39m [32mDEBUG[39m [97m@wdio/browserstack-service[39m calling callback with kind SHUTDOWN_QUEUE
[90m2024-08-19T05:51:01.650Z[39m [32mDEBUG[39m [97m@wdio/browserstack-service[39m callback: called with events 5
[90m2024-08-19T05:51:01.741Z[39m [32mDEBUG[39m [97m@wdio/browserstack-service[39m [BATCH_DATA] Success response: {"success":true}
[90m2024-08-19T05:51:01.741Z[39m [32mDEBUG[39m [97m@wdio/browserstack-service[39m callback: marking events success 5
[90m2024-08-19T05:51:01.741Z[39m [32mDEBUG[39m [97m@wdio/browserstack-service[39m shutdown ended
[90m2024-08-19T05:51:01.741Z[39m [32mDEBUG[39m [97m@wdio/browserstack-service[39m teardown ended
[90m2024-08-19T05:51:02.268Z[39m [32mDEBUG[39m [97m@wdio/browserstack-service[39m Added data to request queue. Queue length = 1
[90m2024-08-19T05:51:02.268Z[39m [32mDEBUG[39m [97m@wdio/browserstack-service[39m Force request-queue shutdown, as test run event is received after teardown
[90m2024-08-19T05:51:02.268Z[39m [32mDEBUG[39m [97m@wdio/browserstack-service[39m Sending data from request queue. Data length = 1, Queue length after removal = 0
[90m2024-08-19T05:51:02.268Z[39m [32mDEBUG[39m [97m@wdio/browserstack-service[39m calling callback with kind INTERVAL_QUEUE
[90m2024-08-19T05:51:02.268Z[39m [32mDEBUG[39m [97m@wdio/browserstack-service[39m callback: called with events 1
[90m2024-08-19T05:51:02.307Z[39m [32mDEBUG[39m [97m@wdio/browserstack-service[39m [BATCH_DATA] Success response: {"success":true}
[90m2024-08-19T05:51:02.307Z[39m [32mDEBUG[39m [97m@wdio/browserstack-service[39m callback: marking events success 1
[90m2024-08-19T05:51:05.512Z[39m [32mDEBUG[39m [97m@wdio/browserstack-service[39m Inside OnComplete hook..
[90m2024-08-19T05:51:05.512Z[39m [32mDEBUG[39m [97m@wdio/browserstack-service[39m Sending stop launch event
[90m2024-08-19T05:51:05.642Z[39m [32mDEBUG[39m [97m@wdio/browserstack-service[39m [STOP_BUILD] Success response: 
[90m2024-08-19T05:51:05.643Z[39m [32mDEBUG[39m [97m@wdio/browserstack-service[39m Reading worker file worker-data-46166.json
[90m2024-08-19T05:51:05.646Z[39m [32mDEBUG[39m [97m@wdio/browserstack-service[39m Sending SDK event with data {
  userName: 'james_oS1TxB',
  accessKey: 'PMdqGFKpMFX7g2rnPBRs',
  event_type: 'SDKTestSuccessful',
  detectedFramework: 'WebdriverIO-mocha',
  event_properties: {
    language_framework: 'WebdriverIO_mocha',
    referrer: 'WebdriverIO-mocha/9.0.2',
    language: 'WebdriverIO',
    languageVersion: 'v20.16.0',
    buildName: 'undefined',
    buildIdentifier: 'undefined',
    os: 'Darwin',
    hostname: 'Mamuns-MacBook-Pro.local',
    productMap: {
      observability: true,
      accessibility: false,
      percy: false,
      automate: true,
      app_automate: false
    },
    product: [ 'observability', 'automate' ],
    productUsage: {
      testObservability: {
        enabled: true,
        manuallySet: false,
        buildHashedId: 'yodyjdg2vt5eyfd1cho2g1qs59zkasip4rddnfbu',
        events: {
          buildEvents: {
            started: { isTriggered: true, status: 'success', error: undefined },
            finished: { isTriggered: true, status: 'success', error: undefined }
          },
          testEvents: {
            started: { triggeredCount: 2, sentCount: 2, failedCount: 0 },
            finished: { triggeredCount: 2, sentCount: 2, failedCount: 0 },
            passed: { triggeredCount: 2, sentCount: 2, failedCount: 0 }
          },
          hookEvents: {
            started: { triggeredCount: 1, sentCount: 1, failedCount: 0 },
            finished: { triggeredCount: 1, sentCount: 1, failedCount: 0 },
            passed: { triggeredCount: 1, sentCount: 1, failedCount: 0 }
          },
          logEvents: {
            triggeredCount: 8,
            sentCount: 8,
            failedCount: 0,
            http: { triggeredCount: 8, sentCount: 8, failedCount: 0 }
          },
          cbtSessionEvents: { triggeredCount: 0, sentCount: 0, failedCount: 0 }
        }
      }
    }
  }
}
[90m2024-08-19T05:51:05.814Z[39m [32mDEBUG[39m [97m@wdio/browserstack-service[39m Funnel Event Response: "{\"message\":\"SDK Event recorded successfully\"}"
[90m2024-08-19T05:51:05.814Z[39m [32mDEBUG[39m [97m@wdio/browserstack-service[39m Funnel event success
[90m2024-08-19T05:51:05.821Z[39m [32mDEBUG[39m [97m@wdio/browserstack-service[39m Failed to fire api request due to TypeError: fetch failed - TypeError: fetch failed
    at node:internal/deps/undici/undici:13178:13
    at process.processTicksAndRejections (node:internal/process/task_queues:95:5)
    at async nodeRequest (file:///Users/mamunkhan/JavaScript-Wrokspace/automationUnicorn/node_modules/@wdio/browserstack-service/build/index.js:880:22)
    at async uploadLogs (file:///Users/mamunkhan/JavaScript-Wrokspace/automationUnicorn/node_modules/@wdio/browserstack-service/build/index.js:1808:20)
    at async BrowserstackLauncherService._uploadServiceLogs (file:///Users/mamunkhan/JavaScript-Wrokspace/automationUnicorn/node_modules/@wdio/browserstack-service/build/index.js:3293:22)
    at async BrowserstackLauncherService.onComplete (file:///Users/mamunkhan/JavaScript-Wrokspace/automationUnicorn/node_modules/@wdio/browserstack-service/build/index.js:3169:7)
    at async file:///Users/mamunkhan/JavaScript-Wrokspace/automationUnicorn/node_modules/@wdio/cli/build/utils.js:42:17
    at async Promise.all (index 0)
    at async Launcher.run (file:///Users/mamunkhan/JavaScript-Wrokspace/automationUnicorn/node_modules/@wdio/cli/build/launcher.js:111:13)
    at async Module.run (file:///Users/mamunkhan/JavaScript-Wrokspace/automationUnicorn/node_modules/@wdio/cli/build/run.js:64:20)
[90m2024-08-19T05:51:05.821Z[39m [32mDEBUG[39m [97m@wdio/browserstack-service[39m Response - undefined
